
ASEM-51 V1.3                                         Copyright (c) 2002 by W.W. Heinz                                         PAGE 1





       MCS-51 Family Macro Assembler   A S E M - 5 1   V 1.3
       =====================================================



	Source File:	..\DynamicScanning\mian.asm
	Object File:	..\DynamicScanning\mian.hex
	List File:	..\DynamicScanning\mian.lst



 Line  I  Addr  Code            Source

    1:				;30H 显示的值 31H百位 32H十位 33H个位
    2:		N      0000			ORG 0000H
    3:	  0000	02 00 03			LJMP MAIN
    4:	  0003	75 81 60	MAIN:	MOV SP,#60H
    5:	  0006	75 A0 FF			MOV P2,#0FFH
    6:	  0009	75 30 9A			MOV	30H,#154 ;显示的值
    7:	  000C	12 00 11	HERE:	LCALL DISPLAY
    8:	  000F	80 FB				SJMP HERE
    9:
   10:	  0011	C0 D0		DISPLAY:PUSH PSW
   11:	  0013	C0 F0				PUSH B
   12:	  0015	E5 30				MOV A,30H
   13:	  0017	75 F0 64			MOV B,#100
   14:	  001A	84				DIV AB
   15:	  001B	F5 31				MOV 31H,A ;百位
   16:	  001D	E5 F0				MOV A,B
   17:	  001F	75 F0 0A			MOV B,#10
   18:	  0022	84				DIV AB
   19:	  0023	F5 32				MOV 32H,A ;十位
   20:	  0025	85 F0 33			MOV 33H,B ;个位
   21:	  0028	7A 03				MOV R2,#3  ;for循环3次
   22:	  002A	7B FE				MOV R3,#0FEH
   23:	  002C	78 31				MOV R0,#31H	;选择位
   24:	  002E	90 00 5A			MOV DPTR ,#TABLE
   25:	  0031	E6		LOOP:	MOV A,@R0
   26:	  0032	93				MOVC A,@A+DPTR
   27:	  0033	8B A0				MOV P2,R3	;片选
   28:	  0035	F5 80				MOV P0,A	;段码
   29:
   30:	  0037	08				INC R0
   31:	  0038	EB				MOV A,R3
   32:	  0039	23				RL A
   33:	  003A	FB				MOV R3,A
   34:	  003B	12 00 45			LCALL DELAY
   35:	  003E	DA F1				DJNZ R2,LOOP
   36:	  0040	D0 F0				POP B
   37:	  0042	D0 D0				POP PSW
   38:	  0044	22				RET
   39:
   40:	  0045	EE		DELAY:	MOV A,R6
   41:	  0046	C0 E0				PUSH ACC
   42:	  0048	EF				MOV A,R7
   43:	  0049	C0 E0				PUSH ACC

ASEM-51 V1.3                                         Copyright (c) 2002 by W.W. Heinz                                         PAGE 2



 Line  I  Addr  Code            Source

   44:	  004B	7E 14				MOV R6,#20
   45:	  004D	7F 18		DELAY1:	MOV R7,#24
   46:	  004F	DF FE				DJNZ R7,$
   47:	  0051	DE FA				DJNZ R6,DELAY1
   48:	  0053	D0 E0				POP ACC
   49:	  0055	FF				MOV R7,A
   50:	  0056	D0 E0				POP ACC
   51:	  0058	FE				MOV R6,A
   52:	  0059	22				RET
   53:
   54:	  005A	3F 06 5B 4F	TABLE:	DB 3FH,06H,5BH,4FH,66H,6DH,7DH,07H,7FH,6FH
	  005E	66 6D 7D 07
	  0062	7F 6F
   55:						END





                     register banks used:  ---

                     no errors




ASEM-51 V1.3                                         Copyright (c) 2002 by W.W. Heinz                                         PAGE 3





	       L I S T   O F   S Y M B O L S
	       =============================


SYMBOL				  TYPE     VALUE	LINE
------------------------------------------------------------
??ASEM_51			  NUMBER    8051
??VERSION			  NUMBER    0130
AC				  BIT	      D6
ACC				  DATA	      E0
B				  DATA	      F0
CY				  BIT	      D7
DELAY				  CODE	    0045	  40
DELAY1				  CODE	    004D	  45
DISPLAY				  CODE	    0011	  10
DPH				  DATA	      83
DPL				  DATA	      82
EA				  BIT	      AF
ES				  BIT	      AC
ET0				  BIT	      A9
ET1				  BIT	      AB
EX0				  BIT	      A8
EX1				  BIT	      AA
EXTI0				  CODE	    0003
EXTI1				  CODE	    0013
F0				  BIT	      D5
HERE				  CODE	    000C	   7
IE				  DATA	      A8
IE0				  BIT	      89
IE1				  BIT	      8B
INT0				  BIT	      B2
INT1				  BIT	      B3
IP				  DATA	      B8
IT0				  BIT	      88
IT1				  BIT	      8A
LOOP				  CODE	    0031	  25
MAIN				  CODE	    0003	   4
OV				  BIT	      D2
P				  BIT	      D0
P0				  DATA	      80
P1				  DATA	      90
P2				  DATA	      A0
P3				  DATA	      B0
PCON				  DATA	      87
PS				  BIT	      BC
PSW				  DATA	      D0
PT0				  BIT	      B9
PT1				  BIT	      BB
PX0				  BIT	      B8
PX1				  BIT	      BA
RB8				  BIT	      9A
RD				  BIT	      B7
REN				  BIT	      9C
RESET				  CODE	    0000
RI				  BIT	      98
RS0				  BIT	      D3

ASEM-51 V1.3                                         Copyright (c) 2002 by W.W. Heinz                                         PAGE 4



SYMBOL				  TYPE     VALUE	LINE
------------------------------------------------------------
RS1				  BIT	      D4
RXD				  BIT	      B0
SBUF				  DATA	      99
SCON				  DATA	      98
SINT				  CODE	    0023
SM0				  BIT	      9F
SM1				  BIT	      9E
SM2				  BIT	      9D
SP				  DATA	      81
T0				  BIT	      B4
T1				  BIT	      B5
TABLE				  CODE	    005A	  54
TB8				  BIT	      9B
TCON				  DATA	      88
TF0				  BIT	      8D
TF1				  BIT	      8F
TH0				  DATA	      8C
TH1				  DATA	      8D
TI				  BIT	      99
TIMER0				  CODE	    000B
TIMER1				  CODE	    001B
TL0				  DATA	      8A
TL1				  DATA	      8B
TMOD				  DATA	      89
TR0				  BIT	      8C
TR1				  BIT	      8E
TXD				  BIT	      B1
WR				  BIT	      B6
