
ASEM-51 V1.3                                         Copyright (c) 2002 by W.W. Heinz                                         PAGE 1





       MCS-51 Family Macro Assembler   A S E M - 5 1   V 1.3
       =====================================================



	Source File:	..\SearchingInTable\main2.asm
	Object File:	..\SearchingInTable\main2.hex
	List File:	..\SearchingInTable\main2.lst



 Line  I  Addr  Code            Source

    1:	  0000	74 03			MOV A,#3		;存入查表索引
    2:	  0002	FA			MOV R2,A
    3:	  0003	2A			ADD A,R2
    4:	  0004	FA			MOV R2,A
    5:	  0005	C0 83			PUSH DPH
    6:	  0007	C0 82			PUSH DPL
    7:	  0009	90 00 1B		MOV DPTR,#TABLE
    8:	  000C	93			MOVC A,@A+DPTR
    9:	  000D	FB			MOV R3,A
   10:	  000E	EA			MOV A,R2
   11:	  000F	24 01			ADD A,#1
   12:	  0011	93			MOVC A,@A+DPTR
   13:	  0012	FC			MOV R4,A
   14:	  0013	D0 82			POP  DPL
   15:	  0015	C0 83			PUSH DPH
   16:	  0017	8B 80			MOV P0,R3
   17:	  0019	8C 90			MOV P1,R4
   18:	  001B	12 34 23 45	TABLE: DW 1234H,2345H,3456H,4567H,5678H,6789H
	  001F	34 56 45 67
	  0023	56 78 67 89
   19:					END





                     register banks used:  ---

                     no errors




ASEM-51 V1.3                                         Copyright (c) 2002 by W.W. Heinz                                         PAGE 2





	       L I S T   O F   S Y M B O L S
	       =============================


SYMBOL				  TYPE     VALUE	LINE
------------------------------------------------------------
??ASEM_51			  NUMBER    8051
??VERSION			  NUMBER    0130
AC				  BIT	      D6
ACC				  DATA	      E0
B				  DATA	      F0
CY				  BIT	      D7
DPH				  DATA	      83
DPL				  DATA	      82
EA				  BIT	      AF
ES				  BIT	      AC
ET0				  BIT	      A9
ET1				  BIT	      AB
EX0				  BIT	      A8
EX1				  BIT	      AA
EXTI0				  CODE	    0003
EXTI1				  CODE	    0013
F0				  BIT	      D5
IE				  DATA	      A8
IE0				  BIT	      89
IE1				  BIT	      8B
INT0				  BIT	      B2
INT1				  BIT	      B3
IP				  DATA	      B8
IT0				  BIT	      88
IT1				  BIT	      8A
OV				  BIT	      D2
P				  BIT	      D0
P0				  DATA	      80
P1				  DATA	      90
P2				  DATA	      A0
P3				  DATA	      B0
PCON				  DATA	      87
PS				  BIT	      BC
PSW				  DATA	      D0
PT0				  BIT	      B9
PT1				  BIT	      BB
PX0				  BIT	      B8
PX1				  BIT	      BA
RB8				  BIT	      9A
RD				  BIT	      B7
REN				  BIT	      9C
RESET				  CODE	    0000
RI				  BIT	      98
RS0				  BIT	      D3
RS1				  BIT	      D4
RXD				  BIT	      B0
SBUF				  DATA	      99
SCON				  DATA	      98
SINT				  CODE	    0023
SM0				  BIT	      9F

ASEM-51 V1.3                                         Copyright (c) 2002 by W.W. Heinz                                         PAGE 3



SYMBOL				  TYPE     VALUE	LINE
------------------------------------------------------------
SM1				  BIT	      9E
SM2				  BIT	      9D
SP				  DATA	      81
T0				  BIT	      B4
T1				  BIT	      B5
TABLE				  CODE	    001B	  18
TB8				  BIT	      9B
TCON				  DATA	      88
TF0				  BIT	      8D
TF1				  BIT	      8F
TH0				  DATA	      8C
TH1				  DATA	      8D
TI				  BIT	      99
TIMER0				  CODE	    000B
TIMER1				  CODE	    001B
TL0				  DATA	      8A
TL1				  DATA	      8B
TMOD				  DATA	      89
TR0				  BIT	      8C
TR1				  BIT	      8E
TXD				  BIT	      B1
WR				  BIT	      B6
