A51 MACRO ASSEMBLER  MAIN2                                                                02/21/2019 15:51:05 PAGE     1


MACRO ASSEMBLER A51 V8.2.5.0
OBJECT MODULE PLACED IN .\Objects\main2.obj
ASSEMBLER INVOKED BY: C:\Keil_v5\C51\BIN\A51.EXE main2.asm SET(SMALL) DEBUG PRINT(.\Listings\main2.lst) OBJECT(.\Objects
                      \main2.obj) EP

LOC  OBJ            LINE     SOURCE

0000 7403              1             MOV A,#3                ;存入查表索引

0002 FA                2             MOV R2,A

0003 2A                3             ADD A,R2

0004 FA                4             MOV R2,A

0005 C083              5             PUSH DPH

0007 C082              6             PUSH DPL

0009 900017            7             MOV DPTR,#TABLE

000C 93                8             MOVC A,@A+DPTR

000D FB                9             MOV R3,A

000E EA               10             MOV A,R2

000F 2401             11             ADD A,#1

0011 93               12             MOVC A,@A+DPTR

0012 FC               13             MOV R4,A

0013 D082             14             POP  DPL

0015 C083             15             PUSH DPH

                      16             

0017 1234             17     TABLE: DW 1234H,2345H,3456H,4567H,5678H,6789H

0019 2345                    
001B 3456                    
001D 4567                    
001F 5678                    
0021 6789                    
                      18             END

A51 MACRO ASSEMBLER  MAIN2                                                                02/21/2019 15:51:05 PAGE     2

SYMBOL TABLE LISTING
------ ----- -------


N A M E             T Y P E  V A L U E   ATTRIBUTES

DPH. . . . . . . .  D ADDR   0083H   A   
DPL. . . . . . . .  D ADDR   0082H   A   
TABLE. . . . . . .  C ADDR   0017H   A   


REGISTER BANK(S) USED: 0 


ASSEMBLY COMPLETE.  0 WARNING(S), 0 ERROR(S)
